<?xml version="1.0" encoding="UTF-8"?>
<testsuite xmlns:xsi="http://www.w3.org/2001/XMLSchema-instance" xsi:noNamespaceSchemaLocation="https://maven.apache.org/surefire/maven-surefire-plugin/xsd/surefire-test-report.xsd" name="sut.ist012m.Fomin.Lab1_Spring.Lab1SpringApplicationTests" time="8.6" tests="1" errors="0" skipped="0" failures="0">
  <properties>
[...]
</properties>
  <testcase name="contextLoads" classname="sut.ist012m.Fomin.Lab1_Spring.Lab1SpringApplicationTests" time="0.823"/>
</testsuite>